<?xml version="1.0" encoding="UTF-8"?>
<!-- Generated by org.testng.reporters.JUnitXMLReporter -->
<testsuite hostname="DESKTOP-2LONNQF" ignored="0" name="Parallel Run-Chrome" tests="1" failures="0" timestamp="15 Aug 2020 06:35:43 GMT" time="2.868" errors="0">
  <testcase name="@BeforeTest setUp" time="0.016" classname="com.qa.TestClass.ContactsPageTest">
    <failure type="java.lang.NullPointerException">
      <![CDATA[java.lang.NullPointerException
at com.qa.hubSpot.basePage.BasePage.init_Browser(BasePage.java:47)
at com.qa.TestClass.ContactsPageTest.setUp(ContactsPageTest.java:52)
... Removed 24 stack frames]]>
    </failure>
  </testcase> <!-- @BeforeTest setUp -->
  <testcase name="@AfterMethod tearDown" time="0.0" classname="com.qa.TestClass.ContactsPageTest">
    <skipped/>
  </testcase> <!-- @AfterMethod tearDown -->
  <testcase name="@AfterTest tearDown" time="0.0" classname="com.qa.TestClass.ContactsPageTest">
    <skipped/>
  </testcase> <!-- @AfterTest tearDown -->
  <testcase name="Click" time="0.0" classname="com.qa.TestClass.ContactsPageTest">
    <skipped/>
  </testcase> <!-- Click -->
</testsuite> <!-- Parallel Run-Chrome -->
