<?xml version="1.0" encoding="UTF-8"?>
<!-- Generated by org.testng.reporters.JUnitXMLReporter -->
<testsuite hostname="DESKTOP-2LONNQF" ignored="1" name="Parallel Run -IE" tests="1" failures="0" timestamp="15 Aug 2020 06:35:38 GMT" time="1.172" errors="0">
  <testcase name="@BeforeMethod setUp" time="0.0" classname="com.qa.TestClass.TestClass">
    <failure type="org.testng.TestNGException" message="
Parameter &amp;apos;{browsername}&amp;apos; is required by BeforeMethod on method setUp but has not been marked @Optional or defined
in C:\Users\Poorna\eclipse-workspace\Framework\src\test\Resources\TestRunners\Parallel.xml">
      <![CDATA[org.testng.TestNGException: 
Parameter '{browsername}' is required by BeforeMethod on method setUp but has not been marked @Optional or defined
in C:\Users\Poorna\eclipse-workspace\Framework\src\test\Resources\TestRunners\Parallel.xml
at java.util.concurrent.ThreadPoolExecutor.runWorker(Unknown Source)
at java.util.concurrent.ThreadPoolExecutor$Worker.run(Unknown Source)
at java.lang.Thread.run(Unknown Source)
... Removed 10 stack frames]]>
    </failure>
  </testcase> <!-- @BeforeMethod setUp -->
  <testcase name="LoginCheck" time="0.0" classname="com.qa.TestClass.TestClass">
    <skipped/>
  </testcase> <!-- LoginCheck -->
  <testcase name="invalidDataLogin" time="0.0" classname="com.qa.TestClass.TestClass">
    <ignored/>
  </testcase> <!-- invalidDataLogin -->
</testsuite> <!-- Parallel Run -IE -->
