<?xml version="1.0" encoding="UTF-8"?>
<!-- Generated by org.testng.reporters.JUnitXMLReporter -->
<testsuite hostname="DESKTOP-2LONNQF" ignored="1" name="Test" tests="2" failures="0" timestamp="04 Aug 2020 05:02:42 GMT" time="0.152" errors="0">
  <testcase name="@BeforeTest setUp" time="0.042" classname="com.qa.TestClass.ContactsPageTest">
    <failure type="java.lang.NullPointerException">
      <![CDATA[java.lang.NullPointerException
at com.qa.hubSpot.basePage.BasePage.init_Browser(BasePage.java:19)
at com.qa.TestClass.ContactsPageTest.setUp(ContactsPageTest.java:31)
... Removed 24 stack frames]]>
    </failure>
  </testcase> <!-- @BeforeTest setUp -->
  <testcase name="@BeforeTest setUp" time="0.0" classname="com.qa.TestClass.TestClass">
    <skipped/>
  </testcase> <!-- @BeforeTest setUp -->
  <testcase name="@AfterTest quit" time="0.0" classname="com.qa.TestClass.ContactsPageTest">
    <skipped/>
  </testcase> <!-- @AfterTest quit -->
  <testcase name="invalidDataLogin" time="0.0" classname="com.qa.TestClass.TestClass">
    <skipped/>
  </testcase> <!-- invalidDataLogin -->
  <testcase name="Click" time="0.0" classname="com.qa.TestClass.ContactsPageTest">
    <skipped/>
  </testcase> <!-- Click -->
  <testcase name="LoginCheck" time="0.0" classname="com.qa.TestClass.TestClass">
    <ignored/>
  </testcase> <!-- LoginCheck -->
</testsuite> <!-- Test -->
