<?xml version="1.0" encoding="UTF-8"?>
<!-- Generated by org.testng.reporters.JUnitXMLReporter -->
<testsuite hostname="DESKTOP-2LONNQF" ignored="1" name="Functional Regression Test" tests="1" failures="0" timestamp="13 Aug 2020 09:27:30 GMT" time="263.117" errors="0">
  <testcase name="LoginCheck" time="233.294" classname="com.qa.TestClass.TestClass"/>
  <testcase name="invalidDataLogin" time="0.0" classname="com.qa.TestClass.TestClass">
    <ignored/>
  </testcase> <!-- invalidDataLogin -->
</testsuite> <!-- Functional Regression Test -->
