<?xml version="1.0" encoding="UTF-8"?>
<!-- Generated by org.testng.reporters.JUnitXMLReporter -->
<testsuite hostname="DESKTOP-2LONNQF" ignored="1" name="Functional Regression Test" tests="1" failures="1" timestamp="17 Aug 2020 03:31:21 GMT" time="53.813" errors="0">
  <testcase name="LoginCheck" time="27.259" classname="com.qa.TestClass.TestClass">
    <failure type="java.lang.AssertionError" message="expected [ContactsNew] but found [Loading...]">
      <![CDATA[java.lang.AssertionError: expected [ContactsNew] but found [Loading...]
at com.qa.TestClass.TestClass.LoginCheck(TestClass.java:78)
... Removed 34 stack frames]]>
    </failure>
  </testcase> <!-- LoginCheck -->
  <testcase name="invalidDataLogin" time="0.0" classname="com.qa.TestClass.TestClass">
    <ignored/>
  </testcase> <!-- invalidDataLogin -->
</testsuite> <!-- Functional Regression Test -->
