<?xml version="1.0" encoding="UTF-8"?>
<!-- Generated by org.testng.reporters.JUnitXMLReporter -->
<testsuite hostname="DESKTOP-2LONNQF" ignored="1" name="Default test" tests="1" failures="0" timestamp="13 Aug 2020 05:20:31 GMT" time="236.686" errors="0">
  <testcase name="LoginCheck" time="218.045" classname="com.qa.TestClass.TestClass"/>
  <testcase name="invalidDataLogin" time="0.0" classname="com.qa.TestClass.TestClass">
    <ignored/>
  </testcase> <!-- invalidDataLogin -->
</testsuite> <!-- Default test -->
