<?xml version="1.0" encoding="UTF-8"?>
<testng-results skipped="0" failed="0" ignored="1" total="2" passed="1">
  <reporter-output>
  </reporter-output>
  <suite name="TEST RUNNERS" duration-ms="263117" started-at="2020-08-13T09:23:07Z" finished-at="2020-08-13T09:27:30Z">
    <groups>
    </groups>
    <test name="Functional Regression Test" duration-ms="263117" started-at="2020-08-13T09:23:07Z" finished-at="2020-08-13T09:27:30Z">
      <class name="com.qa.TestClass.TestClass">
        <test-method status="PASS" signature="setUp()[pri:0, instance:com.qa.TestClass.TestClass@72bca894]" name="setUp" is-config="true" duration-ms="25791" started-at="2020-08-13T09:23:10Z" finished-at="2020-08-13T09:23:36Z">
          <reporter-output>
          </reporter-output>
        </test-method> <!-- setUp -->
        <test-method status="PASS" signature="LoginCheck()[pri:0, instance:com.qa.TestClass.TestClass@72bca894]" name="LoginCheck" duration-ms="233294" started-at="2020-08-13T09:23:36Z" finished-at="2020-08-13T09:27:30Z">
          <reporter-output>
          </reporter-output>
        </test-method> <!-- LoginCheck -->
      </class> <!-- com.qa.TestClass.TestClass -->
    </test> <!-- Functional Regression Test -->
  </suite> <!-- TEST RUNNERS -->
</testng-results>
