-------------------------------------------------------------------------------
Test set: TestSuite
-------------------------------------------------------------------------------
Tests run: 1, Failures: 1, Errors: 0, Skipped: 0, Time elapsed: 63.78 s <<< FAILURE! - in TestSuite
LoginCheck(com.qa.TestClass.TestClass)  Time elapsed: 28.642 s  <<< FAILURE!
java.lang.AssertionError: expected [ContactsNew] but found [Loading...]
	at com.qa.TestClass.TestClass.LoginCheck(TestClass.java:78)

