<?xml version="1.0" encoding="UTF-8"?>
<!-- Generated by org.testng.reporters.JUnitXMLReporter -->
<testsuite hostname="DESKTOP-2LONNQF" ignored="2" name="Test(failed)" tests="1" failures="0" timestamp="13 Aug 2020 05:30:23 GMT" time="405.835" errors="0">
  <testcase name="Click" time="158.688" classname="com.qa.TestClass.ContactsPageTest"/>
  <testcase name="invalidDataLogin" time="0.0" classname="com.qa.TestClass.TestClass">
    <ignored/>
  </testcase> <!-- invalidDataLogin -->
  <testcase name="LoginCheck" time="0.0" classname="com.qa.TestClass.TestClass">
    <ignored/>
  </testcase> <!-- LoginCheck -->
</testsuite> <!-- Test(failed) -->
